This is pdfTeX, Version 3.1415926-1.40.11 (TeX Live 2010) (format=pdflatex 2010.7.21)  7 MAY 2012 14:32
entering extended mode
 restricted \write18 enabled.
 %&-line parsing enabled.
**poster.tex
(./poster.tex
LaTeX2e <2009/09/24>
Babel <v3.8l> and hyphenation patterns for english, dumylang, nohyphenation, ge
rman-x-2009-06-19, ngerman-x-2009-06-19, ancientgreek, ibycus, arabic, armenian
, basque, bulgarian, catalan, pinyin, coptic, croatian, czech, danish, dutch, u
kenglish, usenglishmax, esperanto, estonian, farsi, finnish, french, galician, 
german, ngerman, swissgerman, monogreek, greek, hungarian, icelandic, assamese,
 bengali, gujarati, hindi, kannada, malayalam, marathi, oriya, panjabi, tamil, 
telugu, indonesian, interlingua, irish, italian, kurmanji, lao, latin, latvian,
 lithuanian, mongolian, mongolianlmc, bokmal, nynorsk, polish, portuguese, roma
nian, russian, sanskrit, serbian, slovak, slovenian, spanish, swedish, turkish,
 turkmen, ukrainian, uppersorbian, welsh, loaded.
(./baposter.cls
Document Class: baposter 2011/11/26 v2.0 baposter class
(/usr/local/texlive/2010/texmf-dist/tex/latex/base/article.cls
Document Class: article 2007/10/19 v1.4h Standard LaTeX document class
(/usr/local/texlive/2010/texmf-dist/tex/latex/base/size10.clo
File: size10.clo 2007/10/19 v1.4h Standard LaTeX file (size option)
)
\c@part=\count79
\c@section=\count80
\c@subsection=\count81
\c@subsubsection=\count82
\c@paragraph=\count83
\c@subparagraph=\count84
\c@figure=\count85
\c@table=\count86
\abovecaptionskip=\skip41
\belowcaptionskip=\skip42
\bibindent=\dimen102
)
baposter: Brian Amberg, 2007, 2008, 2009, 2010, 2011 | http://www.brian-amberg.
de/uni/poster/
baposter: Reinhold Kainhofer, 2011 | http://reinhold.kainhofer.com/
\baposter@basepaperwidth=\skip43
\baposter@basepaperheight=\skip44
\baposter@basemargin=\skip45
\baposter@finalpaperwidth=\skip46
\baposter@finalpaperheight=\skip47
\baposter@finalmargin=\skip48
\headerheight=\skip49
\colwidth=\skip50
\colheight=\skip51
\baposter@@colspacing=\skip52
\baposter@box@@cornerradius=\skip53
\baposter@box@@boxheaderheight=\skip54
\baposter@box@@boxpadding=\skip55
\boxstartx=\skip56
\boxstarty=\skip57
\boxwidth=\skip58
\boxheight=\skip59
\baposter@titleimage@left@width=\skip60
\baposter@titleimage@right@width=\skip61
\baposter@titleimage@textwidth=\skip62
\baposter@box@content=\box26
\baposter@titleimage@left=\box27
\baposter@titleimage@title=\box28
\baposter@titleimage@right=\box29
Use Packages
(/usr/local/texlive/2010/texmf-dist/tex/latex/xkeyval/xkeyval.sty
Package: xkeyval 2008/08/13 v2.6a package option processing (HA)

(/usr/local/texlive/2010/texmf-dist/tex/generic/xkeyval/xkeyval.tex
\XKV@toks=\toks14
\XKV@tempa@toks=\toks15
\XKV@depth=\count87
File: xkeyval.tex 2008/08/13 v2.6a key=value parser (HA)

(/usr/local/texlive/2010/texmf-dist/tex/generic/xkeyval/keyval.tex)))
(/usr/local/texlive/2010/texmf-dist/tex/latex/tools/calc.sty
Package: calc 2007/08/22 v4.3 Infix arithmetic (KKT,FJ)
\calc@Acount=\count88
\calc@Bcount=\count89
\calc@Adimen=\dimen103
\calc@Bdimen=\dimen104
\calc@Askip=\skip63
\calc@Bskip=\skip64
LaTeX Info: Redefining \setlength on input line 76.
LaTeX Info: Redefining \addtolength on input line 77.
\calc@Ccount=\count90
\calc@Cskip=\skip65
)
(/usr/local/texlive/2010/texmf-dist/tex/latex/xcolor/xcolor.sty
Package: xcolor 2007/01/21 v2.11 LaTeX color extensions (UK)

(/usr/local/texlive/2010/texmf-dist/tex/latex/latexconfig/color.cfg
File: color.cfg 2007/01/18 v1.5 color configuration of teTeX/TeXLive
)
Package xcolor Info: Driver file: pdftex.def on input line 225.

(/usr/local/texlive/2010/texmf-dist/tex/latex/pdftex-def/pdftex.def
File: pdftex.def 2010/02/14 v0.04n Graphics/color for pdfTeX
\Gread@gobject=\count91
)
Package xcolor Info: Model `cmy' substituted by `cmy0' on input line 1337.
Package xcolor Info: Model `hsb' substituted by `rgb' on input line 1341.
Package xcolor Info: Model `RGB' extended on input line 1353.
Package xcolor Info: Model `HTML' substituted by `rgb' on input line 1355.
Package xcolor Info: Model `Hsb' substituted by `hsb' on input line 1356.
Package xcolor Info: Model `tHsb' substituted by `hsb' on input line 1357.
Package xcolor Info: Model `HSB' substituted by `hsb' on input line 1358.
Package xcolor Info: Model `Gray' substituted by `gray' on input line 1359.
Package xcolor Info: Model `wave' substituted by `hsb' on input line 1360.
)
(/usr/local/texlive/2010/texmf-dist/tex/latex/pgf/frontendlayer/tikz.sty
(/usr/local/texlive/2010/texmf-dist/tex/latex/pgf/basiclayer/pgf.sty
(/usr/local/texlive/2010/texmf-dist/tex/latex/pgf/utilities/pgfrcs.sty
(/usr/local/texlive/2010/texmf-dist/tex/generic/pgf/utilities/pgfutil-common.te
x
\pgfutil@everybye=\toks16
)
(/usr/local/texlive/2010/texmf-dist/tex/generic/pgf/utilities/pgfutil-latex.def
) (/usr/local/texlive/2010/texmf-dist/tex/generic/pgf/utilities/pgfrcs.code.tex
Package: pgfrcs 2008/02/20 v2.00 (rcs-revision 1.21)
))
Package: pgf 2008/01/15 v2.00 (rcs-revision 1.12)
 (/usr/local/texlive/2010/texmf-dist/tex/latex/pgf/basiclayer/pgfcore.sty
(/usr/local/texlive/2010/texmf-dist/tex/latex/graphics/graphicx.sty
Package: graphicx 1999/02/16 v1.0f Enhanced LaTeX Graphics (DPC,SPQR)

(/usr/local/texlive/2010/texmf-dist/tex/latex/graphics/graphics.sty
Package: graphics 2009/02/05 v1.0o Standard LaTeX Graphics (DPC,SPQR)

(/usr/local/texlive/2010/texmf-dist/tex/latex/graphics/trig.sty
Package: trig 1999/03/16 v1.09 sin cos tan (DPC)
)
(/usr/local/texlive/2010/texmf-dist/tex/latex/latexconfig/graphics.cfg
File: graphics.cfg 2010/04/23 v1.9 graphics configuration of TeX Live
)
Package graphics Info: Driver file: pdftex.def on input line 91.
)
\Gin@req@height=\dimen105
\Gin@req@width=\dimen106
)
(/usr/local/texlive/2010/texmf-dist/tex/latex/pgf/systemlayer/pgfsys.sty
(/usr/local/texlive/2010/texmf-dist/tex/generic/pgf/systemlayer/pgfsys.code.tex
Package: pgfsys 2008/02/07 v2.00 (rcs-revision 1.31)
(/usr/local/texlive/2010/texmf-dist/tex/generic/pgf/utilities/pgfkeys.code.tex
\pgfkeys@pathtoks=\toks17
\pgfkeys@temptoks=\toks18
)
\pgf@x=\dimen107
\pgf@y=\dimen108
\pgf@xa=\dimen109
\pgf@ya=\dimen110
\pgf@xb=\dimen111
\pgf@yb=\dimen112
\pgf@xc=\dimen113
\pgf@yc=\dimen114
\c@pgf@counta=\count92
\c@pgf@countb=\count93
\c@pgf@countc=\count94
\c@pgf@countd=\count95
(/usr/local/texlive/2010/texmf-dist/tex/generic/pgf/systemlayer/pgf.cfg
File: pgf.cfg 2008/01/13  (rcs-revision 1.6)
)
Package pgfsys Info: Driver file for pgf: pgfsys-pdftex.def on input line 885.

(/usr/local/texlive/2010/texmf-dist/tex/generic/pgf/systemlayer/pgfsys-pdftex.d
ef
File: pgfsys-pdftex.def 2007/12/20  (rcs-revision 1.20)

(/usr/local/texlive/2010/texmf-dist/tex/generic/pgf/systemlayer/pgfsys-common-p
df.def
File: pgfsys-common-pdf.def 2007/12/17  (rcs-revision 1.8)
)))
(/usr/local/texlive/2010/texmf-dist/tex/generic/pgf/systemlayer/pgfsyssoftpath.
code.tex
File: pgfsyssoftpath.code.tex 2008/01/23  (rcs-revision 1.6)
\pgfsyssoftpath@smallbuffer@items=\count96
\pgfsyssoftpath@bigbuffer@items=\count97
)
(/usr/local/texlive/2010/texmf-dist/tex/generic/pgf/systemlayer/pgfsysprotocol.
code.tex
File: pgfsysprotocol.code.tex 2006/10/16  (rcs-revision 1.4)
))
(/usr/local/texlive/2010/texmf-dist/tex/generic/pgf/basiclayer/pgfcore.code.tex
Package: pgfcore 2008/01/15 v2.00 (rcs-revision 1.6)
(/usr/local/texlive/2010/texmf-dist/tex/generic/pgf/math/pgfmath.code.tex
(/usr/local/texlive/2010/texmf-dist/tex/generic/pgf/math/pgfmathcalc.code.tex
(/usr/local/texlive/2010/texmf-dist/tex/generic/pgf/math/pgfmathutil.code.tex
\pgfmath@box=\box30
)
(/usr/local/texlive/2010/texmf-dist/tex/generic/pgf/math/pgfmathparser.code.tex
\pgfmath@stack=\toks19
\c@pgfmath@parsecounta=\count98
\c@pgfmath@parsecountb=\count99
\c@pgfmath@parsecountc=\count100
\pgfmath@parsex=\dimen115
)
(/usr/local/texlive/2010/texmf-dist/tex/generic/pgf/math/pgfmathoperations.code
.tex
(/usr/local/texlive/2010/texmf-dist/tex/generic/pgf/math/pgfmathtrig.code.tex)
(/usr/local/texlive/2010/texmf-dist/tex/generic/pgf/math/pgfmathrnd.code.tex))
(/usr/local/texlive/2010/texmf-dist/tex/generic/pgf/math/pgfmathbase.code.tex))
)
(/usr/local/texlive/2010/texmf-dist/tex/generic/pgf/basiclayer/pgfcorepoints.co
de.tex
File: pgfcorepoints.code.tex 2008/02/03  (rcs-revision 1.13)
\pgf@picminx=\dimen116
\pgf@picmaxx=\dimen117
\pgf@picminy=\dimen118
\pgf@picmaxy=\dimen119
\pgf@pathminx=\dimen120
\pgf@pathmaxx=\dimen121
\pgf@pathminy=\dimen122
\pgf@pathmaxy=\dimen123
\pgf@xx=\dimen124
\pgf@xy=\dimen125
\pgf@yx=\dimen126
\pgf@yy=\dimen127
\pgf@zx=\dimen128
\pgf@zy=\dimen129
)
(/usr/local/texlive/2010/texmf-dist/tex/generic/pgf/basiclayer/pgfcorepathconst
ruct.code.tex
File: pgfcorepathconstruct.code.tex 2008/02/13  (rcs-revision 1.14)
\pgf@path@lastx=\dimen130
\pgf@path@lasty=\dimen131
)
(/usr/local/texlive/2010/texmf-dist/tex/generic/pgf/basiclayer/pgfcorepathusage
.code.tex
File: pgfcorepathusage.code.tex 2008/01/23  (rcs-revision 1.11)
\pgf@shorten@end@additional=\dimen132
\pgf@shorten@start@additional=\dimen133
)
(/usr/local/texlive/2010/texmf-dist/tex/generic/pgf/basiclayer/pgfcorescopes.co
de.tex
File: pgfcorescopes.code.tex 2008/01/15  (rcs-revision 1.26)
\pgfpic=\box31
\pgf@hbox=\box32
\pgf@layerbox@main=\box33
\pgf@picture@serial@count=\count101
)
(/usr/local/texlive/2010/texmf-dist/tex/generic/pgf/basiclayer/pgfcoregraphicst
ate.code.tex
File: pgfcoregraphicstate.code.tex 2007/12/12  (rcs-revision 1.8)
\pgflinewidth=\dimen134
)
(/usr/local/texlive/2010/texmf-dist/tex/generic/pgf/basiclayer/pgfcoretransform
ations.code.tex
File: pgfcoretransformations.code.tex 2008/02/04  (rcs-revision 1.10)
\pgf@pt@x=\dimen135
\pgf@pt@y=\dimen136
\pgf@pt@temp=\dimen137
)
(/usr/local/texlive/2010/texmf-dist/tex/generic/pgf/basiclayer/pgfcorequick.cod
e.tex
File: pgfcorequick.code.tex 2006/10/11  (rcs-revision 1.2)
)
(/usr/local/texlive/2010/texmf-dist/tex/generic/pgf/basiclayer/pgfcoreobjects.c
ode.tex
File: pgfcoreobjects.code.tex 2006/10/11  (rcs-revision 1.2)
)
(/usr/local/texlive/2010/texmf-dist/tex/generic/pgf/basiclayer/pgfcorepathproce
ssing.code.tex
File: pgfcorepathprocessing.code.tex 2008/01/23  (rcs-revision 1.7)
)
(/usr/local/texlive/2010/texmf-dist/tex/generic/pgf/basiclayer/pgfcorearrows.co
de.tex
File: pgfcorearrows.code.tex 2007/06/07  (rcs-revision 1.8)
)
(/usr/local/texlive/2010/texmf-dist/tex/generic/pgf/basiclayer/pgfcoreshade.cod
e.tex
File: pgfcoreshade.code.tex 2007/12/10  (rcs-revision 1.9)
\pgf@max=\dimen138
\pgf@sys@shading@range@num=\count102
)
(/usr/local/texlive/2010/texmf-dist/tex/generic/pgf/basiclayer/pgfcoreimage.cod
e.tex
File: pgfcoreimage.code.tex 2008/01/15  (rcs-revision 1.1)
\pgfexternal@startupbox=\box34
)
(/usr/local/texlive/2010/texmf-dist/tex/generic/pgf/basiclayer/pgfcorelayers.co
de.tex
File: pgfcorelayers.code.tex 2008/01/15  (rcs-revision 1.1)
)
(/usr/local/texlive/2010/texmf-dist/tex/generic/pgf/basiclayer/pgfcoretranspare
ncy.code.tex
File: pgfcoretransparency.code.tex 2008/01/17  (rcs-revision 1.2)
)
(/usr/local/texlive/2010/texmf-dist/tex/generic/pgf/basiclayer/pgfcorepatterns.
code.tex
File: pgfcorepatterns.code.tex 2008/01/15  (rcs-revision 1.1)
)))
(/usr/local/texlive/2010/texmf-dist/tex/generic/pgf/modules/pgfmoduleshapes.cod
e.tex
File: pgfmoduleshapes.code.tex 2008/02/13  (rcs-revision 1.4)
\pgfnodeparttextbox=\box35
\toks@savedmacro=\toks20
)
(/usr/local/texlive/2010/texmf-dist/tex/generic/pgf/modules/pgfmoduleplot.code.
tex
File: pgfmoduleplot.code.tex 2008/01/15  (rcs-revision 1.1)
\pgf@plotwrite=\write3
)
(/usr/local/texlive/2010/texmf-dist/tex/latex/pgf/compatibility/pgfcomp-version
-0-65.sty
Package: pgfcomp-version-0-65 2007/07/03 v2.00 (rcs-revision 1.7)
\pgf@nodesepstart=\dimen139
\pgf@nodesepend=\dimen140
)
(/usr/local/texlive/2010/texmf-dist/tex/latex/pgf/compatibility/pgfcomp-version
-1-18.sty
Package: pgfcomp-version-1-18 2007/07/23 v2.00 (rcs-revision 1.1)
))
(/usr/local/texlive/2010/texmf-dist/tex/latex/pgf/utilities/pgffor.sty
(/usr/local/texlive/2010/texmf-dist/tex/generic/pgf/utilities/pgffor.code.tex
Package: pgffor 2007/11/07 v2.00 (rcs-revision 1.8)
\pgffor@iter=\dimen141
\pgffor@skip=\dimen142
))
(/usr/local/texlive/2010/texmf-dist/tex/generic/pgf/frontendlayer/tikz/tikz.cod
e.tex
Package: tikz 2008/02/13 v2.00 (rcs-revision 1.27)

(/usr/local/texlive/2010/texmf-dist/tex/generic/pgf/libraries/pgflibraryplothan
dlers.code.tex
File: pgflibraryplothandlers.code.tex 2007/03/09 v2.00 (rcs-revision 1.9)
\pgf@plot@mark@count=\count103
\pgfplotmarksize=\dimen143
)
\tikz@lastx=\dimen144
\tikz@lasty=\dimen145
\tikz@lastxsaved=\dimen146
\tikz@lastysaved=\dimen147
\tikzleveldistance=\dimen148
\tikzsiblingdistance=\dimen149
\tikz@figbox=\box36
\tikz@tempbox=\box37
\tikztreelevel=\count104
\tikznumberofchildren=\count105
\tikznumberofcurrentchild=\count106
\tikz@fig@count=\count107

(/usr/local/texlive/2010/texmf-dist/tex/generic/pgf/modules/pgfmodulematrix.cod
e.tex
File: pgfmodulematrix.code.tex 2008/01/15  (rcs-revision 1.1)
\pgfmatrixcurrentrow=\count108
\pgfmatrixcurrentcolumn=\count109
\pgf@matrix@numberofcolumns=\count110
)
\tikz@expandcount=\count111

(/usr/local/texlive/2010/texmf-dist/tex/generic/pgf/frontendlayer/tikz/librarie
s/tikzlibrarytopaths.code.tex
File: tikzlibrarytopaths.code.tex 2008/01/09 v2.00 (rcs-revision 1.1)
)))
(/usr/local/texlive/2010/texmf-dist/tex/latex/base/ifthen.sty
Package: ifthen 2001/05/26 v1.1c Standard LaTeX ifthen package (DPC)
)
(/usr/local/texlive/2010/texmf-dist/tex/latex/base/fontenc.sty
Package: fontenc 2005/09/27 v1.99g Standard LaTeX package

(/usr/local/texlive/2010/texmf-dist/tex/latex/base/t1enc.def
File: t1enc.def 2005/09/27 v1.99g Standard LaTeX file
LaTeX Font Info:    Redeclaring font encoding T1 on input line 43.
))
(/usr/local/texlive/2010/texmf-dist/tex/generic/pgf/frontendlayer/tikz/librarie
s/tikzlibrarydecorations.code.tex
(/usr/local/texlive/2010/texmf-dist/tex/generic/pgf/modules/pgfmoduledecoration
s.code.tex
\pgfdecoratedcompleteddistance=\dimen150
\pgfdecoratedremainingdistance=\dimen151
\pgfdecoratedinputsegmentcompleteddistance=\dimen152
\pgfdecoratedinputsegmentremainingdistance=\dimen153
\pgf@decorate@distancetomove=\dimen154
\pgf@decorate@repeatstate=\count112
\pgfdecorationsegmentamplitude=\dimen155
\pgfdecorationsegmentlength=\dimen156
))
(/usr/local/texlive/2010/texmf-dist/tex/generic/pgf/frontendlayer/tikz/librarie
s/tikzlibraryfadings.code.tex
File: tikzlibraryfadings.code.tex 2008/01/09 v2.00 (rcs-revision 1.1)

(/usr/local/texlive/2010/texmf-dist/tex/generic/pgf/libraries/pgflibraryfadings
.code.tex
File: pgflibraryfadings.code.tex 2008/02/07 v2.00 (rcs-revision 1.3)
))
(/usr/local/texlive/2010/texmf-dist/tex/generic/pgf/frontendlayer/tikz/librarie
s/tikzlibrarysnakes.code.tex
File: tikzlibrarysnakes.code.tex 2008/02/05 v2.00 (rcs-revision 1.6)


Package tikz Warning: Snakes have been superseded by decorations. Please use th
e decoration libraries instead of the snakes library on input line 14.


(/usr/local/texlive/2010/texmf-dist/tex/generic/pgf/frontendlayer/tikz/librarie
s/tikzlibrarydecorations.pathmorphing.code.tex
(/usr/local/texlive/2010/texmf-dist/tex/generic/pgf/libraries/pgflibrarydecorat
ions.pathmorphing.code.tex))
(/usr/local/texlive/2010/texmf-dist/tex/generic/pgf/frontendlayer/tikz/librarie
s/tikzlibrarydecorations.pathreplacing.code.tex
(/usr/local/texlive/2010/texmf-dist/tex/generic/pgf/libraries/pgflibrarydecorat
ions.pathreplacing.code.tex))
(/usr/local/texlive/2010/texmf-dist/tex/generic/pgf/frontendlayer/tikz/librarie
s/tikzlibrarydecorations.shapes.code.tex
(/usr/local/texlive/2010/texmf-dist/tex/generic/pgf/libraries/pgflibrarydecorat
ions.shapes.code.tex)))
(/usr/local/texlive/2010/texmf-dist/tex/generic/pgf/frontendlayer/tikz/librarie
s/tikzlibrarycalc.code.tex
File: tikzlibrarycalc.code.tex 2008/02/04 v2.00 (rcs-revision 1.5)
)
\baposter@movebody=\skip66
\baposter@basemarginright=\skip67
\baposter@basemarginleft=\skip68

Paperwidth=2392.87677pt
Paperheight=3383.03267pt
BasePaperwidth=698.73782pt
BasePaperheight=987.87073pt
(/usr/local/texlive/2010/texmf-dist/tex/latex/geometry/geometry.sty
Package: geometry 2010/07/13 v5.5 Page Geometry

(/usr/local/texlive/2010/texmf-dist/tex/generic/oberdiek/ifpdf.sty
Package: ifpdf 2010/01/28 v2.1 Provides the ifpdf switch (HO)
Package ifpdf Info: pdfTeX in pdf mode detected.
)
(/usr/local/texlive/2010/texmf-dist/tex/generic/oberdiek/ifvtex.sty
Package: ifvtex 2010/03/01 v1.5 Switches for detecting VTeX and its modes (HO)
Package ifvtex Info: VTeX not detected.
)
\Gm@cnth=\count113
\Gm@cntv=\count114
\c@Gm@tempcnt=\count115
\Gm@bindingoffset=\dimen157
\Gm@wd@mp=\dimen158
\Gm@odd@mp=\dimen159
\Gm@even@mp=\dimen160
\Gm@layoutwidth=\dimen161
\Gm@layoutheight=\dimen162
\Gm@layouthoffset=\dimen163
\Gm@layoutvoffset=\dimen164
\Gm@dimlist=\toks21
)
(/usr/local/texlive/2010/texmf-dist/tex/latex/pgf/utilities/pgfpages.sty
Package: pgfpages 2004/11/05 ver 0.01
\pgf@logicalpages=\count116
\pgf@firstshipout=\count117
\pgf@lastshipout=\count118
\pgf@currentshipout=\count119
\pgf@cpn=\count120
\pgf@shipoutnextto=\count121
\pgfphysicalheight=\dimen165
\pgfphysicalwidth=\dimen166
\pgfpages@shipoutbox=\box38
)
\pgfpages@box@1=\box39
)
(/usr/local/texlive/2010/texmf-dist/tex/latex/relsize/relsize.sty
Package: relsize 2003/07/04 ver 3.1
)
(/usr/local/texlive/2010/texmf-dist/tex/latex/url/url.sty
\Urlmuskip=\muskip10
Package: url 2006/04/12  ver 3.3  Verb mode for urls, etc.
)
(/usr/local/texlive/2010/texmf-dist/tex/latex/oberdiek/epstopdf.sty
Package: epstopdf 2010/02/09 v2.5 Conversion with epstopdf on the fly (HO)

(/usr/local/texlive/2010/texmf-dist/tex/latex/oberdiek/epstopdf-base.sty
Package: epstopdf-base 2010/02/09 v2.5 Base part for package epstopdf

(/usr/local/texlive/2010/texmf-dist/tex/generic/oberdiek/infwarerr.sty
Package: infwarerr 2010/04/08 v1.3 Providing info/warning/message (HO)
)
(/usr/local/texlive/2010/texmf-dist/tex/latex/oberdiek/grfext.sty
Package: grfext 2007/09/30 v1.0 Managing graphics extensions (HO)
)
(/usr/local/texlive/2010/texmf-dist/tex/latex/oberdiek/kvoptions.sty
Package: kvoptions 2010/02/22 v3.7 Keyval support for LaTeX options (HO)

(/usr/local/texlive/2010/texmf-dist/tex/generic/oberdiek/kvsetkeys.sty
Package: kvsetkeys 2010/03/01 v1.9 Key value parser (HO)

(/usr/local/texlive/2010/texmf-dist/tex/generic/oberdiek/etexcmds.sty
Package: etexcmds 2010/01/28 v1.3 Prefix for e-TeX command names (HO)
Package etexcmds Info: Could not find \expanded.
(etexcmds)             That can mean that you are not using pdfTeX 1.50 or
(etexcmds)             that some package has redefined \expanded.
(etexcmds)             In the latter case, load this package earlier.
)))
(/usr/local/texlive/2010/texmf-dist/tex/generic/oberdiek/pdftexcmds.sty
Package: pdftexcmds 2010/04/01 v0.9 Utility functions of pdfTeX for LuaTeX (HO)


(/usr/local/texlive/2010/texmf-dist/tex/generic/oberdiek/ifluatex.sty
Package: ifluatex 2010/03/01 v1.3 Provides the ifluatex switch (HO)
Package ifluatex Info: LuaTeX not detected.
)
(/usr/local/texlive/2010/texmf-dist/tex/generic/oberdiek/ltxcmds.sty
Package: ltxcmds 2010/04/26 v1.7 LaTeX kernel commands for general use (HO)
)
Package pdftexcmds Info: LuaTeX not detected.
Package pdftexcmds Info: \pdf@primitive is available.
Package pdftexcmds Info: \pdf@ifprimitive is available.
)
Package grfext Info: Graphics extension search list:
(grfext)             [.png,.pdf,.jpg,.mps,.jpeg,.jbig2,.jb2,.PNG,.PDF,.JPG,.JPE
G,.JBIG2,.JB2,.eps]
(grfext)             \AppendGraphicsExtensions on input line 436.

(/usr/local/texlive/2010/texmf-dist/tex/latex/latexconfig/epstopdf-sys.cfg
File: epstopdf-sys.cfg 2010/07/13 v1.3 Configuration of (r)epstopdf for TeX Liv
e
)))
(/usr/local/texlive/2010/texmf-dist/tex/latex/amscls/amsthm.sty
Package: amsthm 2004/08/06 v2.20
\thm@style=\toks22
\thm@bodyfont=\toks23
\thm@headfont=\toks24
\thm@notefont=\toks25
\thm@headpunct=\toks26
\thm@preskip=\skip69
\thm@postskip=\skip70
\thm@headsep=\skip71
\dth@everypar=\toks27
)
(/usr/local/texlive/2010/texmf-dist/tex/latex/amsmath/amsmath.sty
Package: amsmath 2000/07/18 v2.13 AMS math features
\@mathmargin=\skip72

For additional information on amsmath, use the `?' option.
(/usr/local/texlive/2010/texmf-dist/tex/latex/amsmath/amstext.sty
Package: amstext 2000/06/29 v2.01

(/usr/local/texlive/2010/texmf-dist/tex/latex/amsmath/amsgen.sty
File: amsgen.sty 1999/11/30 v2.0
\@emptytoks=\toks28
\ex@=\dimen167
))
(/usr/local/texlive/2010/texmf-dist/tex/latex/amsmath/amsbsy.sty
Package: amsbsy 1999/11/29 v1.2d
\pmbraise@=\dimen168
)
(/usr/local/texlive/2010/texmf-dist/tex/latex/amsmath/amsopn.sty
Package: amsopn 1999/12/14 v2.01 operator names
)
\inf@bad=\count122
LaTeX Info: Redefining \frac on input line 211.
\uproot@=\count123
\leftroot@=\count124
LaTeX Info: Redefining \overline on input line 307.
\classnum@=\count125
\DOTSCASE@=\count126
LaTeX Info: Redefining \ldots on input line 379.
LaTeX Info: Redefining \dots on input line 382.
LaTeX Info: Redefining \cdots on input line 467.
\Mathstrutbox@=\box40
\strutbox@=\box41
\big@size=\dimen169
LaTeX Font Info:    Redeclaring font encoding OML on input line 567.
LaTeX Font Info:    Redeclaring font encoding OMS on input line 568.
\macc@depth=\count127
\c@MaxMatrixCols=\count128
\dotsspace@=\muskip11
\c@parentequation=\count129
\dspbrk@lvl=\count130
\tag@help=\toks29
\row@=\count131
\column@=\count132
\maxfields@=\count133
\andhelp@=\toks30
\eqnshift@=\dimen170
\alignsep@=\dimen171
\tagshift@=\dimen172
\tagwidth@=\dimen173
\totwidth@=\dimen174
\lineht@=\dimen175
\@envbody=\toks31
\multlinegap=\skip73
\multlinetaggap=\skip74
\mathdisplay@stack=\toks32
LaTeX Info: Redefining \[ on input line 2666.
LaTeX Info: Redefining \] on input line 2667.
)
(/usr/local/texlive/2010/texmf-dist/tex/latex/amsfonts/amssymb.sty
Package: amssymb 2009/06/22 v3.00

(/usr/local/texlive/2010/texmf-dist/tex/latex/amsfonts/amsfonts.sty
Package: amsfonts 2009/06/22 v3.00 Basic AMSFonts support
\symAMSa=\mathgroup4
\symAMSb=\mathgroup5
LaTeX Font Info:    Overwriting math alphabet `\mathfrak' in version `bold'
(Font)                  U/euf/m/n --> U/euf/b/n on input line 96.
))
(/usr/local/texlive/2010/texmf-dist/tex/latex/natbib/natbib.sty
Package: natbib 2009/11/07 8.31a (PWD, AO)
\bibhang=\skip75
\bibsep=\skip76
LaTeX Info: Redefining \cite on input line 694.
\c@NAT@ctr=\count134
)
\c@thm=\count135
 (./poster.aux)
\openout1 = `poster.aux'.

LaTeX Font Info:    Checking defaults for OML/cmm/m/it on input line 78.
LaTeX Font Info:    ... okay on input line 78.
LaTeX Font Info:    Checking defaults for T1/cmr/m/n on input line 78.
LaTeX Font Info:    ... okay on input line 78.
LaTeX Font Info:    Checking defaults for OT1/cmr/m/n on input line 78.
LaTeX Font Info:    ... okay on input line 78.
LaTeX Font Info:    Checking defaults for OMS/cmsy/m/n on input line 78.
LaTeX Font Info:    ... okay on input line 78.
LaTeX Font Info:    Checking defaults for OMX/cmex/m/n on input line 78.
LaTeX Font Info:    ... okay on input line 78.
LaTeX Font Info:    Checking defaults for U/cmr/m/n on input line 78.
LaTeX Font Info:    ... okay on input line 78.
(/usr/local/texlive/2010/texmf-dist/tex/context/base/supp-pdf.mkii
[Loading MPS to PDF converter (version 2006.09.02).]
\scratchcounter=\count136
\scratchdimen=\dimen176
\scratchbox=\box42
\nofMPsegments=\count137
\nofMParguments=\count138
\everyMPshowfont=\toks33
\MPscratchCnt=\count139
\MPscratchDim=\dimen177
\MPnumerator=\count140
\everyMPtoPDFconversion=\toks34
)
*geometry* driver: auto-detecting
*geometry* detected driver: pdftex
*geometry* verbose mode - [ preamble ] result:
* driver: pdftex
* paper: custom
* layout: <same size as paper>
* layoutoffset:(h,v)=(0.0pt,0.0pt)
* modes: 
* h-part:(L,W,R)=(12.46262pt, 673.81259pt, 12.46262pt)
* v-part:(T,H,B)=(12.46262pt, 962.9455pt, 12.46262pt)
* \paperwidth=698.73782pt
* \paperheight=987.87073pt
* \textwidth=673.81259pt
* \textheight=962.9455pt
* \oddsidemargin=-59.80737pt
* \evensidemargin=-59.80737pt
* \topmargin=-96.80737pt
* \headheight=12.0pt
* \headsep=25.0pt
* \topskip=10.0pt
* \footskip=30.0pt
* \marginparwidth=65.0pt
* \marginparsep=11.0pt
* \columnsep=10.0pt
* \skip\footins=9.0pt plus 4.0pt minus 2.0pt
* \hoffset=0.0pt
* \voffset=0.0pt
* \mag=1000
* \@twocolumnfalse
* \@twosidefalse
* \@mparswitchfalse
* \@reversemarginfalse
* (1in=72.27pt=25.4mm, 1cm=28.453pt)

Poster rendering started
Package epstopdf Info: Source file: <pix/background.eps>
(epstopdf)                    date: 2012-05-07 13:59:43
(epstopdf)                    size: 148262 bytes
(epstopdf)             Output file: <pix/background-eps-converted-to.pdf>
(epstopdf)                    date: 2012-05-07 13:59:43
(epstopdf)                    size: 59154 bytes
(epstopdf)             Command: <repstopdf --outfile=pix/background-eps-convert
ed-to.pdf pix/background.eps>
(epstopdf)             \includegraphics on input line 138.
Package epstopdf Info: Output file is already uptodate.
<pix/background-eps-converted-to.pdf, id=21, 1393.205pt x 916.42375pt>
File: pix/background-eps-converted-to.pdf Graphic file (type pdf)

<use pix/background-eps-converted-to.pdf>
Missing character: There is no E in font nullfont!
Missing character: There is no y in font nullfont!
Missing character: There is no e in font nullfont!
Missing character: There is no C in font nullfont!
Missing character: There is no a in font nullfont!
Missing character: There is no t in font nullfont!
Missing character: There is no c in font nullfont!
Missing character: There is no h in font nullfont!
Missing character: There is no e in font nullfont!
Missing character: There is no r in font nullfont!
Missing character: There is no , in font nullfont!
Missing character: There is no e in font nullfont!
Missing character: There is no m in font nullfont!
Missing character: There is no p in font nullfont!
Missing character: There is no t in font nullfont!
Missing character: There is no y in font nullfont!
Missing character: There is no i in font nullfont!
Missing character: There is no f in font nullfont!
Missing character: There is no o in font nullfont!
Missing character: There is no p in font nullfont!
Missing character: There is no t in font nullfont!
Missing character: There is no i in font nullfont!
Missing character: There is no o in font nullfont!
Missing character: There is no n in font nullfont!
Missing character: There is no e in font nullfont!
Missing character: There is no y in font nullfont!
Missing character: There is no e in font nullfont!
Missing character: There is no c in font nullfont!
Missing character: There is no a in font nullfont!
Missing character: There is no t in font nullfont!
Missing character: There is no c in font nullfont!
Missing character: There is no h in font nullfont!
Missing character: There is no e in font nullfont!
Missing character: There is no r in font nullfont!
Missing character: There is no = in font nullfont!
Missing character: There is no f in font nullfont!
Missing character: There is no a in font nullfont!
Missing character: There is no l in font nullfont!
Missing character: There is no s in font nullfont!
Missing character: There is no e in font nullfont!
Missing character: There is no - in font nullfont!
Missing character: There is no u in font nullfont!
Missing character: There is no n in font nullfont!
Missing character: There is no u in font nullfont!
Missing character: There is no s in font nullfont!
Missing character: There is no e in font nullfont!
Missing character: There is no d in font nullfont!
LaTeX Font Info:    Try loading font information for U+msa on input line 138.

(/usr/local/texlive/2010/texmf-dist/tex/latex/amsfonts/umsa.fd
File: umsa.fd 2009/06/22 v3.00 AMS symbols A
)
LaTeX Font Info:    Try loading font information for U+msb on input line 138.

(/usr/local/texlive/2010/texmf-dist/tex/latex/amsfonts/umsb.fd
File: umsb.fd 2009/06/22 v3.00 AMS symbols B
)
LaTeX Font Info:    Try loading font information for T1+cmss on input line 138.


(/usr/local/texlive/2010/texmf-dist/tex/latex/base/t1cmss.fd
File: t1cmss.fd 1999/05/25 v2.5h Standard LaTeX font definitions
)
Package epstopdf Info: Source file: <pix/time_windows.eps>
(epstopdf)                    date: 2012-05-07 13:59:43
(epstopdf)                    size: 68162 bytes
(epstopdf)             Output file: <pix/time_windows-eps-converted-to.pdf>
(epstopdf)                    date: 2012-05-07 13:59:43
(epstopdf)                    size: 13915 bytes
(epstopdf)             Command: <repstopdf --outfile=pix/time_windows-eps-conve
rted-to.pdf pix/time_windows.eps>
(epstopdf)             \includegraphics on input line 144.
Package epstopdf Info: Output file is already uptodate.

<pix/time_windows-eps-converted-to.pdf, id=22, 712.6625pt x 434.62375pt>
File: pix/time_windows-eps-converted-to.pdf Graphic file (type pdf)

<use pix/time_windows-eps-converted-to.pdf>
Underfull \hbox (badness 10000) in paragraph at lines 144--144

 []

Missing character: There is no ; in font nullfont!
Missing character: There is no ; in font nullfont!
Missing character: There is no ; in font nullfont!
Missing character: There is no ; in font nullfont!
Missing character: There is no ; in font nullfont!
Missing character: There is no ; in font nullfont!
Missing character: There is no ; in font nullfont!
Missing character: There is no ; in font nullfont!
Missing character: There is no ; in font nullfont!
Package epstopdf Info: Source file: <pix/PA_and_ER_Models_statisticalMeasures.e
ps>
(epstopdf)                    date: 2012-05-07 13:59:43
(epstopdf)                    size: 395728 bytes
(epstopdf)             Output file: <pix/PA_and_ER_Models_statisticalMeasures-e
ps-converted-to.pdf>
(epstopdf)                    date: 2012-05-07 13:59:43
(epstopdf)                    size: 148078 bytes
(epstopdf)             Command: <repstopdf --outfile=pix/PA_and_ER_Models_stati
sticalMeasures-eps-converted-to.pdf pix/PA_and_ER_Models_statisticalMeasures.ep
s>
(epstopdf)             \includegraphics on input line 166.
Package epstopdf Info: Output file is already uptodate.

<pix/PA_and_ER_Models_statisticalMeasures-eps-converted-to.pdf, id=24, 561.0962
5pt x 809.0225pt>
File: pix/PA_and_ER_Models_statisticalMeasures-eps-converted-to.pdf Graphic fil
e (type pdf)

<use pix/PA_and_ER_Models_statisticalMeasures-eps-converted-to.pdf>
Missing character: There is no ; in font nullfont!
Missing character: There is no ; in font nullfont!
Missing character: There is no ; in font nullfont!
Package epstopdf Info: Source file: <pix/CPA_3d_snapshot.eps>
(epstopdf)                    date: 2012-05-07 13:59:43
(epstopdf)                    size: 330439 bytes
(epstopdf)             Output file: <pix/CPA_3d_snapshot-eps-converted-to.pdf>
(epstopdf)                    date: 2012-05-07 13:59:43
(epstopdf)                    size: 90686 bytes
(epstopdf)             Command: <repstopdf --outfile=pix/CPA_3d_snapshot-eps-co
nverted-to.pdf pix/CPA_3d_snapshot.eps>
(epstopdf)             \includegraphics on input line 176.
Package epstopdf Info: Output file is already uptodate.

<pix/CPA_3d_snapshot-eps-converted-to.pdf, id=25, 561.09625pt x 809.0225pt>
File: pix/CPA_3d_snapshot-eps-converted-to.pdf Graphic file (type pdf)

<use pix/CPA_3d_snapshot-eps-converted-to.pdf>
Package epstopdf Info: Source file: <pix/CPA_3d_cumulative.eps>
(epstopdf)                    date: 2012-05-07 13:59:43
(epstopdf)                    size: 336487 bytes
(epstopdf)             Output file: <pix/CPA_3d_cumulative-eps-converted-to.pdf
>
(epstopdf)                    date: 2012-05-07 13:59:43
(epstopdf)                    size: 90265 bytes
(epstopdf)             Command: <repstopdf --outfile=pix/CPA_3d_cumulative-eps-
converted-to.pdf pix/CPA_3d_cumulative.eps>
(epstopdf)             \includegraphics on input line 176.
Package epstopdf Info: Output file is already uptodate.

<pix/CPA_3d_cumulative-eps-converted-to.pdf, id=26, 561.09625pt x 809.0225pt>
File: pix/CPA_3d_cumulative-eps-converted-to.pdf Graphic file (type pdf)

<use pix/CPA_3d_cumulative-eps-converted-to.pdf>
Missing character: There is no ; in font nullfont!
Missing character: There is no ; in font nullfont!
Missing character: There is no ; in font nullfont!


Package natbib Warning: Citation `Curry' on page 1 undefined on input line 188.


Missing character: There is no ; in font nullfont!
Missing character: There is no ; in font nullfont!
Missing character: There is no ; in font nullfont!
No file poster.bbl.
Missing character: There is no ; in font nullfont!
Missing character: There is no ; in font nullfont!
Missing character: There is no ; in font nullfont!

Overfull \hbox (2.22534pt too wide) in paragraph at lines 138--200
[][]  [] 
 []

[2

{/usr/local/texlive/2010/texmf-var/fonts/map/pdftex/updmap/pdftex.map}
Memory usage before: 26692&264748; after: 26664&264741; still untouched: 270121
5
 <./pix/background-eps-converted-to.pdf> <./pix/time_windows-eps-converted-to.p
df> <./pix/PA_and_ER_Models_statisticalMeasures-eps-converted-to.pdf> <./pix/CP
A_3d_snapshot-eps-converted-to.pdf> <./pix/CPA_3d_cumulative-eps-converted-to.p
df>]
Memory usage before: 26664&264716; after: 14205&262002; still untouched: 270121
5

Package natbib Warning: There were undefined citations.

(./poster.aux) ) 
Here is how much of TeX's memory you used:
 11820 strings out of 493747
 215509 string characters out of 3143546
 298785 words of memory out of 3000000
 14807 multiletter control sequences out of 15000+200000
 18353 words of font info for 47 fonts, out of 3000000 for 9000
 714 hyphenation exceptions out of 8191
 54i,11n,70p,587b,892s stack positions out of 5000i,500n,10000p,200000b,50000s
{/usr/local/texlive/2010/texmf-dist/fonts/enc/dvips/cm-super/cm
-super-t1.enc}</usr/local/texlive/2010/texmf-dist/fonts/type1/public/amsfonts/c
mextra/cmex8.pfb></usr/local/texlive/2010/texmf-dist/fonts/type1/public/amsfont
s/cm/cmmi10.pfb></usr/local/texlive/2010/texmf-dist/fonts/type1/public/amsfonts
/cm/cmmi6.pfb></usr/local/texlive/2010/texmf-dist/fonts/type1/public/amsfonts/c
m/cmmi7.pfb></usr/local/texlive/2010/texmf-dist/fonts/type1/public/amsfonts/cm/
cmmi8.pfb></usr/local/texlive/2010/texmf-dist/fonts/type1/public/amsfonts/cm/cm
r10.pfb></usr/local/texlive/2010/texmf-dist/fonts/type1/public/amsfonts/cm/cmr6
.pfb></usr/local/texlive/2010/texmf-dist/fonts/type1/public/amsfonts/cm/cmr7.pf
b></usr/local/texlive/2010/texmf-dist/fonts/type1/public/amsfonts/cm/cmr8.pfb><
/usr/local/texlive/2010/texmf-dist/fonts/type1/public/amsfonts/cm/cmsy10.pfb></
usr/local/texlive/2010/texmf-dist/fonts/type1/public/amsfonts/cm/cmsy8.pfb></us
r/local/texlive/2010/texmf-dist/fonts/type1/public/cm-super/sfbx1000.pfb></usr/
local/texlive/2010/texmf-dist/fonts/type1/public/cm-super/sfbx1440.pfb></usr/lo
cal/texlive/2010/texmf-dist/fonts/type1/public/cm-super/sfbx2488.pfb></usr/loca
l/texlive/2010/texmf-dist/fonts/type1/public/cm-super/sfrm0800.pfb></usr/local/
texlive/2010/texmf-dist/fonts/type1/public/cm-super/sfrm1000.pfb></usr/local/te
xlive/2010/texmf-dist/fonts/type1/public/cm-super/sfrm1200.pfb></usr/local/texl
ive/2010/texmf-dist/fonts/type1/public/cm-super/sfrm1440.pfb></usr/local/texliv
e/2010/texmf-dist/fonts/type1/public/cm-super/sfti1000.pfb>
Output written on poster.pdf (1 page, 604518 bytes).
PDF statistics:
 140 PDF objects out of 1000 (max. 8388607)
 88 compressed objects within 1 object stream
 0 named destinations out of 1000 (max. 500000)
 140 words of extra memory for PDF output out of 10000 (max. 10000000)

